<?xml version="1.0" encoding="UTF-8"?>
<testsuites>
  <testsuite name="UserServiceTests" tests="5" failures="1" errors="0" time="2.450">
    <testcase name="test_user_creation" classname="UserServiceTests" time="0.120"/>
    <testcase name="test_user_login" classname="UserServiceTests" time="0.230"/>
    <testcase name="test_flaky_network_call" classname="UserServiceTests" time="0.500">
      <failure message="Timeout">Connection timeout after 5s</failure>
    </testcase>
    <testcase name="test_user_deletion" classname="UserServiceTests" time="0.190"/>
    <testcase name="test_race_condition" classname="UserServiceTests" time="0.410"/>
  </testsuite>
</testsuites>
