<?xml version="1.0" encoding="UTF-8"?>
<testsuites>
  <testsuite name="UserServiceTests" tests="5" failures="1" errors="0" time="2.345">
    <testcase name="test_user_creation" classname="UserServiceTests" time="0.123"/>
    <testcase name="test_user_login" classname="UserServiceTests" time="0.234"/>
    <testcase name="test_flaky_network_call" classname="UserServiceTests" time="0.456">
      <failure message="Connection timeout">
        Error: Failed to connect to external API
        Timeout after 5000ms
      </failure>
    </testcase>
    <testcase name="test_user_deletion" classname="UserServiceTests" time="0.189"/>
    <testcase name="test_race_condition" classname="UserServiceTests" time="0.543"/>
  </testsuite>
</testsuites>
