<?xml version="1.0" encoding="UTF-8"?>
<testsuites>
  <testsuite name="UserServiceTests" tests="5" failures="1" errors="0" time="2.567">
    <testcase name="test_user_creation" classname="UserServiceTests" time="0.125"/>
    <testcase name="test_user_login" classname="UserServiceTests" time="0.229"/>
    <testcase name="test_flaky_network_call" classname="UserServiceTests" time="0.489"/>
    <testcase name="test_user_deletion" classname="UserServiceTests" time="0.188"/>
    <testcase name="test_race_condition" classname="UserServiceTests" time="1.536">
      <failure message="AssertionError">
        Expected value '5' but got '4'
        Possible race condition in counter
      </failure>
    </testcase>
  </testsuite>
</testsuites>
