<?xml version="1.0" encoding="UTF-8"?>
<testsuites>
  <testsuite name="UserServiceTests" tests="5" failures="0" errors="0" time="2.089">
    <testcase name="test_user_creation" classname="UserServiceTests" time="0.118"/>
    <testcase name="test_user_login" classname="UserServiceTests" time="0.237"/>
    <testcase name="test_flaky_network_call" classname="UserServiceTests" time="0.467"/>
    <testcase name="test_user_deletion" classname="UserServiceTests" time="0.191"/>
    <testcase name="test_race_condition" classname="UserServiceTests" time="0.076"/>
  </testsuite>
</testsuites>
