<?xml version="1.0" encoding="UTF-8"?>
<testsuites>
  <testsuite name="UserServiceTests" tests="5" failures="1" errors="0" time="2.678">
    <testcase name="test_user_creation" classname="UserServiceTests" time="0.121"/>
    <testcase name="test_user_login" classname="UserServiceTests" time="0.233"/>
    <testcase name="test_flaky_network_call" classname="UserServiceTests" time="0.498">
      <failure message="Network error">
        Failed to establish connection
        DNS lookup failed
      </failure>
    </testcase>
    <testcase name="test_user_deletion" classname="UserServiceTests" time="0.186"/>
    <testcase name="test_race_condition" classname="UserServiceTests" time="0.640"/>
  </testsuite>
</testsuites>
